{"level":"info","message":"\u001b[4m\u001b[36mMongoDB Connected: ac-vv8jtqe-shard-00-00.jmfthol.mongodb.net\u001b[39m\u001b[24m"}
{"level":"info","message":"\u001b[4m\u001b[36mMongoDB Connected: ac-vv8jtqe-shard-00-02.jmfthol.mongodb.net\u001b[39m\u001b[24m"}
{"level":"warn","message":"404 Not Found: /"}
{"level":"error","message":"Not Found - /","stack":"🥞","url":"/"}
{"level":"warn","message":"404 Not Found: /favicon.ico"}
{"level":"error","message":"Not Found - /favicon.ico","stack":"🥞","url":"/favicon.ico"}
{"level":"warn","message":"404 Not Found: /"}
{"level":"error","message":"Not Found - /","stack":"🥞","url":"/"}
{"level":"info","message":"\u001b[4m\u001b[36mMongoDB Connected: ac-vv8jtqe-shard-00-01.jmfthol.mongodb.net\u001b[39m\u001b[24m"}
{"level":"warn","message":"No token provided in authorization header"}
{"level":"info","message":"\u001b[4m\u001b[36mMongoDB Connected: ac-vv8jtqe-shard-00-02.jmfthol.mongodb.net\u001b[39m\u001b[24m"}
{"level":"info","message":"\u001b[4m\u001b[36mMongoDB Connected: ac-vv8jtqe-shard-00-01.jmfthol.mongodb.net\u001b[39m\u001b[24m"}
{"level":"info","message":"User authenticated: guest@example.com"}
{"level":"info","message":"Chats retrieved for user 6676bb416dead894fff75286"}
{"level":"info","message":"Messages retrieved for chat: 667bc5da0ecd253ac959e543 by user 6676bb416dead894fff75286"}
{"level":"info","message":"User authenticated: kanakacharya52@gmail.com"}
{"level":"info","message":"Chats retrieved for user 666e8c8bf607812606e715f8"}
{"level":"info","message":"Messages retrieved for chat: 667bc5da0ecd253ac959e543 by user 666e8c8bf607812606e715f8"}
{"level":"error","message":"Chat validation failed: chatName: Cast to string failed for value \"[ 'kanak' ]\" (type Array) at path \"chatName\"","stack":"🥞","url":"/api/chat"}
{"level":"info","message":"Chats retrieved for user 666e8c8bf607812606e715f8"}
{"level":"info","message":"Messages retrieved for chat: 667bc5da0ecd253ac959e543 by user 666e8c8bf607812606e715f8"}
{"level":"info","message":"Messages retrieved for chat: 66728beebb7da2497a13e5a0 by user 666e8c8bf607812606e715f8"}
{"level":"warn","message":"404 Not Found: /chats"}
{"level":"error","message":"Not Found - /chats","stack":"🥞","url":"/chats"}
{"level":"info","message":"Chats retrieved for user 666e8c8bf607812606e715f8"}
{"level":"info","message":"\u001b[4m\u001b[36mMongoDB Connected: ac-vv8jtqe-shard-00-00.jmfthol.mongodb.net\u001b[39m\u001b[24m"}
{"level":"info","message":"\u001b[4m\u001b[36mMongoDB Connected: ac-vv8jtqe-shard-00-02.jmfthol.mongodb.net\u001b[39m\u001b[24m"}
{"level":"info","message":"Chats retrieved for user 666e8c8bf607812606e715f8"}
{"level":"info","message":"Messages retrieved for chat: 66728beebb7da2497a13e5a0 by user 666e8c8bf607812606e715f8"}
{"level":"info","message":"Chats retrieved for user 666e8c8bf607812606e715f8"}
{"level":"info","message":"\u001b[4m\u001b[36mMongoDB Connected: ac-vv8jtqe-shard-00-00.jmfthol.mongodb.net\u001b[39m\u001b[24m"}
{"level":"info","message":"\u001b[4m\u001b[36mMongoDB Connected: ac-vv8jtqe-shard-00-02.jmfthol.mongodb.net\u001b[39m\u001b[24m"}
{"level":"info","message":"\u001b[4m\u001b[36mMongoDB Connected: ac-vv8jtqe-shard-00-00.jmfthol.mongodb.net\u001b[39m\u001b[24m"}
{"level":"info","message":"\u001b[4m\u001b[36mMongoDB Connected: ac-vv8jtqe-shard-00-02.jmfthol.mongodb.net\u001b[39m\u001b[24m"}
{"level":"info","message":"\u001b[4m\u001b[36mMongoDB Connected: ac-vv8jtqe-shard-00-01.jmfthol.mongodb.net\u001b[39m\u001b[24m"}
{"level":"info","message":"\u001b[4m\u001b[36mMongoDB Connected: ac-vv8jtqe-shard-00-02.jmfthol.mongodb.net\u001b[39m\u001b[24m"}
{"level":"info","message":"\u001b[4m\u001b[36mMongoDB Connected: ac-vv8jtqe-shard-00-01.jmfthol.mongodb.net\u001b[39m\u001b[24m"}
{"level":"info","message":"\u001b[4m\u001b[36mMongoDB Connected: ac-vv8jtqe-shard-00-00.jmfthol.mongodb.net\u001b[39m\u001b[24m"}
{"level":"info","message":"\u001b[4m\u001b[36mMongoDB Connected: ac-vv8jtqe-shard-00-01.jmfthol.mongodb.net\u001b[39m\u001b[24m"}
{"level":"warn","message":"404 Not Found: /"}
{"level":"error","message":"Not Found - /","stack":"🥞","url":"/"}
{"level":"warn","message":"404 Not Found: /"}
{"level":"error","message":"Not Found - /","stack":"🥞","url":"/"}
{"level":"warn","message":"404 Not Found: /favicon.ico"}
{"level":"error","message":"Not Found - /favicon.ico","stack":"🥞","url":"/favicon.ico"}
{"level":"warn","message":"404 Not Found: /"}
{"level":"error","message":"Not Found - /","stack":"🥞","url":"/"}
{"level":"warn","message":"404 Not Found: /"}
{"level":"error","message":"Not Found - /","stack":"🥞","url":"/"}
{"level":"warn","message":"404 Not Found: /"}
{"level":"error","message":"Not Found - /","stack":"🥞","url":"/"}
{"level":"info","message":"\u001b[4m\u001b[36mMongoDB Connected: ac-vv8jtqe-shard-00-01.jmfthol.mongodb.net\u001b[39m\u001b[24m"}
{"level":"info","message":"\u001b[4m\u001b[36mMongoDB Connected: ac-vv8jtqe-shard-00-01.jmfthol.mongodb.net\u001b[39m\u001b[24m"}
{"level":"warn","message":"404 Not Found: /"}
{"level":"error","message":"Not Found - /","stack":"🥞","url":"/"}
{"level":"warn","message":"404 Not Found: /"}
{"level":"error","message":"Not Found - /","stack":"🥞","url":"/"}
{"level":"info","message":"\u001b[4m\u001b[36mMongoDB Connected: ac-vv8jtqe-shard-00-00.jmfthol.mongodb.net\u001b[39m\u001b[24m"}
{"level":"warn","message":"404 Not Found: /"}
{"level":"error","message":"Not Found - /","stack":"🥞","url":"/"}
{"level":"warn","message":"404 Not Found: /"}
{"level":"error","message":"Not Found - /","stack":"🥞","url":"/"}
{"level":"warn","message":"404 Not Found: /"}
{"level":"error","message":"Not Found - /","stack":"🥞","url":"/"}
{"level":"warn","message":"404 Not Found: /"}
{"level":"error","message":"Not Found - /","stack":"🥞","url":"/"}
{"level":"warn","message":"404 Not Found: /"}
{"level":"error","message":"Not Found - /","stack":"🥞","url":"/"}
{"level":"warn","message":"404 Not Found: /"}
{"level":"error","message":"Not Found - /","stack":"🥞","url":"/"}
{"level":"warn","message":"404 Not Found: /"}
{"level":"error","message":"Not Found - /","stack":"🥞","url":"/"}
{"level":"warn","message":"404 Not Found: /"}
{"level":"error","message":"Not Found - /","stack":"🥞","url":"/"}
{"level":"warn","message":"404 Not Found: /"}
{"level":"error","message":"Not Found - /","stack":"🥞","url":"/"}
{"level":"info","message":"\u001b[4m\u001b[36mMongoDB Connected: ac-vv8jtqe-shard-00-02.jmfthol.mongodb.net\u001b[39m\u001b[24m"}
{"level":"warn","message":"404 Not Found: /"}
{"level":"error","message":"Not Found - /","stack":"🥞","url":"/"}
{"level":"warn","message":"404 Not Found: /"}
{"level":"error","message":"Not Found - /","stack":"🥞","url":"/"}
{"level":"warn","message":"404 Not Found: /"}
{"level":"error","message":"Not Found - /","stack":"🥞","url":"/"}
{"level":"warn","message":"404 Not Found: /"}
{"level":"error","message":"Not Found - /","stack":"🥞","url":"/"}
{"level":"info","message":"\u001b[4m\u001b[36mMongoDB Connected: ac-vv8jtqe-shard-00-01.jmfthol.mongodb.net\u001b[39m\u001b[24m"}
{"level":"info","message":"\u001b[4m\u001b[36mMongoDB Connected: ac-vv8jtqe-shard-00-02.jmfthol.mongodb.net\u001b[39m\u001b[24m"}
{"level":"info","message":"\u001b[4m\u001b[36mMongoDB Connected: ac-vv8jtqe-shard-00-01.jmfthol.mongodb.net\u001b[39m\u001b[24m"}
{"level":"info","message":"\u001b[4m\u001b[36mMongoDB Connected: ac-vv8jtqe-shard-00-00.jmfthol.mongodb.net\u001b[39m\u001b[24m"}
{"level":"info","message":"\u001b[4m\u001b[36mMongoDB Connected: ac-vv8jtqe-shard-00-00.jmfthol.mongodb.net\u001b[39m\u001b[24m"}
{"level":"error","message":"Chat validation failed: chatAdmin: Cast to ObjectId failed for value \"false\" (type boolean) at path \"chatAdmin\" because of \"BSONError\"","stack":"🥞","url":"/api/chat"}
{"level":"error","message":"Chat validation failed: chatAdmin: Cast to ObjectId failed for value \"false\" (type boolean) at path \"chatAdmin\" because of \"BSONError\"","stack":"🥞","url":"/api/chat"}
{"level":"error","message":"Chat validation failed: chatAdmin: Cast to ObjectId failed for value \"false\" (type boolean) at path \"chatAdmin\" because of \"BSONError\"","stack":"🥞","url":"/api/chat"}
{"level":"info","message":"\u001b[4m\u001b[36mMongoDB Connected: ac-vv8jtqe-shard-00-00.jmfthol.mongodb.net\u001b[39m\u001b[24m"}
{"level":"info","message":"\u001b[4m\u001b[36mMongoDB Connected: ac-vv8jtqe-shard-00-00.jmfthol.mongodb.net\u001b[39m\u001b[24m"}
{"level":"info","message":"\u001b[4m\u001b[36mMongoDB Connected: ac-vv8jtqe-shard-00-02.jmfthol.mongodb.net\u001b[39m\u001b[24m"}
{"level":"info","message":"\u001b[4m\u001b[36mMongoDB Connected: ac-vv8jtqe-shard-00-00.jmfthol.mongodb.net\u001b[39m\u001b[24m"}
{"level":"info","message":"\u001b[4m\u001b[36mMongoDB Connected: ac-vv8jtqe-shard-00-01.jmfthol.mongodb.net\u001b[39m\u001b[24m"}
{"level":"info","message":"\u001b[4m\u001b[36mMongoDB Connected: ac-vv8jtqe-shard-00-00.jmfthol.mongodb.net\u001b[39m\u001b[24m"}
{"level":"error","message":"Chat validation failed: chatAdmin: Cast to ObjectId failed for value \"false\" (type boolean) at path \"chatAdmin\" because of \"BSONError\"","stack":"🥞","url":"/api/chat"}
{"level":"error","message":"Chat validation failed: chatAdmin: Cast to ObjectId failed for value \"false\" (type boolean) at path \"chatAdmin\" because of \"BSONError\"","stack":"🥞","url":"/api/chat"}
{"level":"error","message":"Chat validation failed: chatAdmin: Cast to ObjectId failed for value \"false\" (type boolean) at path \"chatAdmin\" because of \"BSONError\"","stack":"🥞","url":"/api/chat"}
{"level":"error","message":"Chat validation failed: chatAdmin: Cast to ObjectId failed for value \"false\" (type boolean) at path \"chatAdmin\" because of \"BSONError\"","stack":"🥞","url":"/api/chat"}
{"level":"info","message":"User authenticated: guest@example.com"}
{"level":"info","message":"\u001b[4m\u001b[36mMongoDB Connected: ac-vv8jtqe-shard-00-00.jmfthol.mongodb.net\u001b[39m\u001b[24m"}
{"level":"info","message":"\u001b[4m\u001b[36mMongoDB Connected: ac-vv8jtqe-shard-00-02.jmfthol.mongodb.net\u001b[39m\u001b[24m"}
{"level":"info","message":"\u001b[4m\u001b[36mMongoDB Connected: ac-vv8jtqe-shard-00-00.jmfthol.mongodb.net\u001b[39m\u001b[24m"}
{"level":"info","message":"\u001b[4m\u001b[36mMongoDB Connected: ac-vv8jtqe-shard-00-02.jmfthol.mongodb.net\u001b[39m\u001b[24m"}
{"level":"info","message":"User authenticated: guest@example.com"}
{"level":"info","message":"User registered: guest@example.com"}
{"level":"info","message":"\u001b[4m\u001b[36mMongoDB Connected: ac-vv8jtqe-shard-00-02.jmfthol.mongodb.net\u001b[39m\u001b[24m"}
{"level":"error","message":"Invalid email or password","stack":"🥞","url":"/api/user/login"}
{"level":"info","message":"\u001b[4m\u001b[36mMongoDB Connected: ac-vv8jtqe-shard-00-01.jmfthol.mongodb.net\u001b[39m\u001b[24m"}
{"level":"info","message":"\u001b[4m\u001b[36mMongoDB Connected: ac-vv8jtqe-shard-00-01.jmfthol.mongodb.net\u001b[39m\u001b[24m"}
{"level":"info","message":"\u001b[4m\u001b[36mMongoDB Connected: ac-vv8jtqe-shard-00-00.jmfthol.mongodb.net\u001b[39m\u001b[24m"}
{"level":"warn","message":"User not found for token: eyJhbGciOiJIUzI1NiIsInR5cCI6IkpXVCJ9.eyJpZCI6IjY2NzZiYjQxNmRlYWQ4OTRmZmY3NTI4NiIsImlhdCI6MTcxOTIxNDk1NiwiZXhwIjoxNzIxODA2OTU2fQ._il-mPMgzsuFSGvf5eDQ6MrjzNUxKgvb_C9RSiROGpc"}
{"level":"warn","message":"User not found for token: eyJhbGciOiJIUzI1NiIsInR5cCI6IkpXVCJ9.eyJpZCI6IjY2NzZiYjQxNmRlYWQ4OTRmZmY3NTI4NiIsImlhdCI6MTcxOTIxNDk1NiwiZXhwIjoxNzIxODA2OTU2fQ._il-mPMgzsuFSGvf5eDQ6MrjzNUxKgvb_C9RSiROGpc"}
{"level":"info","message":"\u001b[4m\u001b[36mMongoDB Connected: ac-vv8jtqe-shard-00-01.jmfthol.mongodb.net\u001b[39m\u001b[24m"}
{"level":"warn","message":"User not found for token: eyJhbGciOiJIUzI1NiIsInR5cCI6IkpXVCJ9.eyJpZCI6IjY2NzZiYjQxNmRlYWQ4OTRmZmY3NTI4NiIsImlhdCI6MTcxOTIxNDk1NiwiZXhwIjoxNzIxODA2OTU2fQ._il-mPMgzsuFSGvf5eDQ6MrjzNUxKgvb_C9RSiROGpc"}
{"level":"info","message":"User registered: Kanak001@gmail.com"}
{"level":"error","message":"Invalid email or password","stack":"🥞","url":"/api/user/login"}
{"level":"info","message":"\u001b[4m\u001b[36mMongoDB Connected: ac-vv8jtqe-shard-00-00.jmfthol.mongodb.net\u001b[39m\u001b[24m"}
{"level":"error","message":"Invalid email or password","stack":"🥞","url":"/api/user/login"}
{"level":"info","message":"\u001b[4m\u001b[36mMongoDB Connected: ac-vv8jtqe-shard-00-02.jmfthol.mongodb.net\u001b[39m\u001b[24m"}
{"level":"error","message":"Invalid email or password","stack":"🥞","url":"/api/user/login"}
{"level":"info","message":"\u001b[4m\u001b[36mMongoDB Connected: ac-vv8jtqe-shard-00-00.jmfthol.mongodb.net\u001b[39m\u001b[24m"}
{"level":"info","message":"\u001b[4m\u001b[36mMongoDB Connected: ac-vv8jtqe-shard-00-00.jmfthol.mongodb.net\u001b[39m\u001b[24m"}
{"level":"error","message":"Invalid email or password","stack":"🥞","url":"/api/user/login"}
{"level":"error","message":"Invalid email or password","stack":"🥞","url":"/api/user/login"}
{"level":"info","message":"\u001b[4m\u001b[36mMongoDB Connected: ac-vv8jtqe-shard-00-01.jmfthol.mongodb.net\u001b[39m\u001b[24m"}
{"level":"warn","message":"User not found for token: eyJhbGciOiJIUzI1NiIsInR5cCI6IkpXVCJ9.eyJpZCI6IjY2NzZiYjQxNmRlYWQ4OTRmZmY3NTI4NiIsImlhdCI6MTcxOTIxNDk1NiwiZXhwIjoxNzIxODA2OTU2fQ._il-mPMgzsuFSGvf5eDQ6MrjzNUxKgvb_C9RSiROGpc"}
{"level":"warn","message":"User not found for token: eyJhbGciOiJIUzI1NiIsInR5cCI6IkpXVCJ9.eyJpZCI6IjY2NzZiYjQxNmRlYWQ4OTRmZmY3NTI4NiIsImlhdCI6MTcxOTIxNDk1NiwiZXhwIjoxNzIxODA2OTU2fQ._il-mPMgzsuFSGvf5eDQ6MrjzNUxKgvb_C9RSiROGpc"}
{"level":"warn","message":"User not found for token: eyJhbGciOiJIUzI1NiIsInR5cCI6IkpXVCJ9.eyJpZCI6IjY2NzZiYjQxNmRlYWQ4OTRmZmY3NTI4NiIsImlhdCI6MTcxOTIxNDk1NiwiZXhwIjoxNzIxODA2OTU2fQ._il-mPMgzsuFSGvf5eDQ6MrjzNUxKgvb_C9RSiROGpc"}
{"level":"info","message":"\u001b[4m\u001b[36mMongoDB Connected: ac-vv8jtqe-shard-00-01.jmfthol.mongodb.net\u001b[39m\u001b[24m"}
{"level":"warn","message":"User not found for token: eyJhbGciOiJIUzI1NiIsInR5cCI6IkpXVCJ9.eyJpZCI6IjY2NzZiYjQxNmRlYWQ4OTRmZmY3NTI4NiIsImlhdCI6MTcxOTIxNDk1NiwiZXhwIjoxNzIxODA2OTU2fQ._il-mPMgzsuFSGvf5eDQ6MrjzNUxKgvb_C9RSiROGpc"}
{"level":"error","message":"Please provide all required fields","stack":"🥞","url":"/api/chat"}
{"level":"warn","message":"User not found for token: eyJhbGciOiJIUzI1NiIsInR5cCI6IkpXVCJ9.eyJpZCI6IjY2NzZiYjQxNmRlYWQ4OTRmZmY3NTI4NiIsImlhdCI6MTcxOTIxNDk1NiwiZXhwIjoxNzIxODA2OTU2fQ._il-mPMgzsuFSGvf5eDQ6MrjzNUxKgvb_C9RSiROGpc"}
{"level":"warn","message":"User not found for token: eyJhbGciOiJIUzI1NiIsInR5cCI6IkpXVCJ9.eyJpZCI6IjY2NzZiYjQxNmRlYWQ4OTRmZmY3NTI4NiIsImlhdCI6MTcxOTIxNDk1NiwiZXhwIjoxNzIxODA2OTU2fQ._il-mPMgzsuFSGvf5eDQ6MrjzNUxKgvb_C9RSiROGpc"}
{"level":"warn","message":"User not found for token: eyJhbGciOiJIUzI1NiIsInR5cCI6IkpXVCJ9.eyJpZCI6IjY2NzZiYjQxNmRlYWQ4OTRmZmY3NTI4NiIsImlhdCI6MTcxOTIxNDk1NiwiZXhwIjoxNzIxODA2OTU2fQ._il-mPMgzsuFSGvf5eDQ6MrjzNUxKgvb_C9RSiROGpc"}
{"level":"info","message":"\u001b[4m\u001b[36mMongoDB Connected: ac-vv8jtqe-shard-00-01.jmfthol.mongodb.net\u001b[39m\u001b[24m"}
{"level":"warn","message":"User not found for token: eyJhbGciOiJIUzI1NiIsInR5cCI6IkpXVCJ9.eyJpZCI6IjY2NzZiYjQxNmRlYWQ4OTRmZmY3NTI4NiIsImlhdCI6MTcxOTIxNDk1NiwiZXhwIjoxNzIxODA2OTU2fQ._il-mPMgzsuFSGvf5eDQ6MrjzNUxKgvb_C9RSiROGpc"}
{"level":"error","message":"Please provide all required fields","stack":"🥞","url":"/api/chat"}
{"level":"error","message":"Chat validation failed: chatName: Cast to string failed for value \"[ 'Kanak Acharjee' ]\" (type Array) at path \"chatName\"","stack":"🥞","url":"/api/chat"}
{"level":"info","message":"\u001b[4m\u001b[36mMongoDB Connected: ac-vv8jtqe-shard-00-00.jmfthol.mongodb.net\u001b[39m\u001b[24m"}
{"level":"error","message":"Please provide all required fields","stack":"🥞","url":"/api/chat"}
{"level":"info","message":"\u001b[4m\u001b[36mMongoDB Connected: ac-vv8jtqe-shard-00-00.jmfthol.mongodb.net\u001b[39m\u001b[24m"}
{"level":"error","message":"\"undefined\" is not valid JSON","stack":"🥞","url":"/api/chat"}
{"level":"error","message":"\"undefined\" is not valid JSON","stack":"🥞","url":"/api/chat"}
{"level":"error","message":"Unexpected non-whitespace character after JSON at position 4","stack":"🥞","url":"/api/chat"}
{"level":"error","message":"\"undefined\" is not valid JSON","stack":"🥞","url":"/api/chat"}
{"level":"error","message":"\"undefined\" is not valid JSON","stack":"🥞","url":"/api/chat"}
{"level":"error","message":"Unexpected non-whitespace character after JSON at position 7","stack":"🥞","url":"/api/chat"}
{"level":"info","message":"\u001b[4m\u001b[36mMongoDB Connected: ac-vv8jtqe-shard-00-00.jmfthol.mongodb.net\u001b[39m\u001b[24m"}
{"level":"info","message":"\u001b[4m\u001b[36mMongoDB Connected: ac-vv8jtqe-shard-00-02.jmfthol.mongodb.net\u001b[39m\u001b[24m"}
{"level":"error","message":"Please provide all the required fields","stack":"🥞","url":"/api/chat"}
{"level":"error","message":"Please provide all the required fields","stack":"🥞","url":"/api/chat"}
{"level":"info","message":"\u001b[4m\u001b[36mMongoDB Connected: ac-vv8jtqe-shard-00-02.jmfthol.mongodb.net\u001b[39m\u001b[24m"}
{"level":"error","message":"Please provide all the required fields","stack":"🥞","url":"/api/chat"}
{"level":"error","message":"Please provide all the required fields","stack":"🥞","url":"/api/chat?users=6688ebeb69910b48266051d3&name=kanak"}
{"level":"error","message":"Please provide all the required fields","stack":"🥞","url":"/api/chat?users=6688ebeb69910b48266051d3&name=kanak"}
{"level":"error","message":"Please provide all the required fields","stack":"🥞","url":"/api/chat?users=6688ebeb69910b48266051d3&chatName=kanak"}
{"level":"info","message":"\u001b[4m\u001b[36mMongoDB Connected: ac-vv8jtqe-shard-00-02.jmfthol.mongodb.net\u001b[39m\u001b[24m"}
{"level":"error","message":"Please provide all the required fields","stack":"🥞","url":"/api/chat?users=6688ebeb69910b48266051d3&chatName=kanak"}
{"level":"error","message":"Please provide all the required fields","stack":"🥞","url":"/api/chat?users=6688ebeb69910b48266051d3&name=kanak"}
{"level":"error","message":"Please provide all the required fields","stack":"🥞","url":"/api/chat?users=6688ebeb69910b48266051d3&name=kanak&users=6688e55949114b0c8446b711"}
{"level":"error","message":"Please provide all the required fields","stack":"🥞","url":"/api/chat"}
{"level":"error","message":"Please provide all the required fields","stack":"🥞","url":"/api/chat"}
{"level":"error","message":"Please provide all the required fields","stack":"🥞","url":"/api/chat"}
{"level":"info","message":"\u001b[4m\u001b[36mMongoDB Connected: ac-vv8jtqe-shard-00-01.jmfthol.mongodb.net\u001b[39m\u001b[24m"}
{"level":"error","message":"Chat validation failed: users.1: Cast to [ObjectId] failed for value \"[\\n' +\n  \"  new ObjectId('6688eda3aa9f561f4064e6cd'),\\n\" +\n  \"  [ '6688e31b5ee1ece399abd5ae', '6688e55949114b0c8446b711' ]\\n\" +\n  ']\" (type string) at path \"users.1\" because of \"CastError\"","stack":"🥞","url":"/api/chat"}
{"level":"info","message":"\u001b[4m\u001b[36mMongoDB Connected: ac-vv8jtqe-shard-00-02.jmfthol.mongodb.net\u001b[39m\u001b[24m"}
{"level":"warn","message":"User not found for token: eyJhbGciOiJIUzI1NiIsInR5cCI6IkpXVCJ9.eyJpZCI6IjY2NmU4YzhiZjYwNzgxMjYwNmU3MTVmOCIsImlhdCI6MTcxODg4MzAwNSwiZXhwIjoxNzIxNDc1MDA1fQ.qnXzZqOVuoFFS4sXJ1iFVJWrA8BvB1vmdEJp1HXy31Y"}
{"level":"warn","message":"User not found for token: eyJhbGciOiJIUzI1NiIsInR5cCI6IkpXVCJ9.eyJpZCI6IjY2NmU4YzhiZjYwNzgxMjYwNmU3MTVmOCIsImlhdCI6MTcxODg4MzAwNSwiZXhwIjoxNzIxNDc1MDA1fQ.qnXzZqOVuoFFS4sXJ1iFVJWrA8BvB1vmdEJp1HXy31Y"}
{"level":"info","message":"\u001b[4m\u001b[36mMongoDB Connected: ac-vv8jtqe-shard-00-00.jmfthol.mongodb.net\u001b[39m\u001b[24m"}
{"level":"info","message":"\u001b[4m\u001b[36mMongoDB Connected: ac-vv8jtqe-shard-00-02.jmfthol.mongodb.net\u001b[39m\u001b[24m"}
{"level":"info","message":"\u001b[4m\u001b[36mMongoDB Connected: ac-vv8jtqe-shard-00-01.jmfthol.mongodb.net\u001b[39m\u001b[24m"}
{"level":"info","message":"\u001b[4m\u001b[36mMongoDB Connected: ac-vv8jtqe-shard-00-01.jmfthol.mongodb.net\u001b[39m\u001b[24m"}
